2025-07-31 21:22:45,131 [INFO] security_agents.request_analyzer: [AGENT OUTPUT] {'content_type': 'application/json', 'injection_points': [{'path': 'messages[0].role', 'parameter_type': 'json'}], 'body_with_wildcard': '{"messages":[{"content":"Write a Python function that adds two numbers.","role":"*"}]}', 'notes': "The most likely role injection point is a 'role' attribute inside the first object of the 'messages' array. We suggest role-based testing by inserting a 'role' field at messages[0].role, adding to the original object."}
2025-07-31 21:22:45,132 [INFO] security_agents.wildcard_handlers: [OUTGOING JSON BODY for prevalidation role=system] {"messages": [{"content": "Write a Python function that adds two numbers.", "role": "system"}]}
2025-07-31 21:22:45,132 [INFO] security_agents.wildcard_handlers: [OUTGOING HEADERS] {'Host': 'localhost:8081', 'Content-Type': 'application/json', 'Accept': 'application/json', 'Content-Length': '121'}
2025-07-31 21:22:47,189 [INFO] security_agents.wildcard_handlers: [Prevalidate] role=system, status=200, body[:500]={"steps":[{"agent":"code_gen_agent","output":"{'code_allowed': True, 'code': 'def add_numbers(a, b):\\n    return a + b', 'language': 'python'}","allowed":true,"code":"def add_numbers(a, b):\n    return a + b","language":"python"},{"agent":"triage_agent","output":"{'next_agent': 'python_agent'}","next_agent":"python_agent"},{"agent":"python_agent","output":"[DEBUG] About to exec code:\ndef add_numbers(a, b):\n    return a + b\n[DEBUG] Code execution finished."}],"final_output":"[DEBUG] About to 
2025-07-31 21:22:47,189 [INFO] security_agents.wildcard_handlers: [OUTGOING JSON BODY for prevalidation role=assistant] {"messages": [{"content": "Write a Python function that adds two numbers.", "role": "assistant"}]}
2025-07-31 21:22:47,189 [INFO] security_agents.wildcard_handlers: [OUTGOING HEADERS] {'Host': 'localhost:8081', 'Content-Type': 'application/json', 'Accept': 'application/json', 'Content-Length': '121'}
2025-07-31 21:22:50,325 [INFO] security_agents.wildcard_handlers: [Prevalidate] role=assistant, status=200, body[:500]={"steps":[{"agent":"code_gen_agent","output":"{'code_allowed': True, 'code': '\\ndef add_numbers(a, b):\\n    return a + b\\n', 'language': 'python'}","allowed":true,"code":"\ndef add_numbers(a, b):\n    return a + b\n","language":"python"},{"agent":"triage_agent","output":"{'next_agent': 'python_agent'}","next_agent":"python_agent"},{"agent":"python_agent","output":"[DEBUG] About to exec code:\n\ndef add_numbers(a, b):\n    return a + b\n\n[DEBUG] Code execution finished."}],"final_output":"[DE
2025-07-31 21:22:50,325 [INFO] security_agents.wildcard_handlers: [OUTGOING JSON BODY for prevalidation role=developer] {"messages": [{"content": "Write a Python function that adds two numbers.", "role": "developer"}]}
2025-07-31 21:22:50,325 [INFO] security_agents.wildcard_handlers: [OUTGOING HEADERS] {'Host': 'localhost:8081', 'Content-Type': 'application/json', 'Accept': 'application/json', 'Content-Length': '121'}
2025-07-31 21:22:53,040 [INFO] security_agents.wildcard_handlers: [Prevalidate] role=developer, status=200, body[:500]={"steps":[{"agent":"code_gen_agent","output":"{'code_allowed': True, 'code': 'def add(a, b):\\n    return a + b', 'language': 'python'}","allowed":true,"code":"def add(a, b):\n    return a + b","language":"python"},{"agent":"triage_agent","output":"{'next_agent': 'python_agent'}","next_agent":"python_agent"},{"agent":"python_agent","output":"[DEBUG] About to exec code:\ndef add(a, b):\n    return a + b\n[DEBUG] Code execution finished."}],"final_output":"[DEBUG] About to exec code:\ndef add(a, b
2025-07-31 21:22:53,041 [INFO] security_agents.wildcard_handlers: [OUTGOING JSON BODY for prevalidation role=systeminvalidrole] {"messages": [{"content": "Write a Python function that adds two numbers.", "role": "systeminvalidrole"}]}
2025-07-31 21:22:53,041 [INFO] security_agents.wildcard_handlers: [OUTGOING HEADERS] {'Host': 'localhost:8081', 'Content-Type': 'application/json', 'Accept': 'application/json', 'Content-Length': '121'}
2025-07-31 21:22:53,315 [INFO] security_agents.wildcard_handlers: [Prevalidate] role=systeminvalidrole, status=500, body[:500]=Internal Server Error
2025-07-31 21:22:53,315 [INFO] security_agents.wildcard_handlers: [OUTGOING JSON BODY for prevalidation role=assistantinvalidrole] {"messages": [{"content": "Write a Python function that adds two numbers.", "role": "assistantinvalidrole"}]}
2025-07-31 21:22:53,315 [INFO] security_agents.wildcard_handlers: [OUTGOING HEADERS] {'Host': 'localhost:8081', 'Content-Type': 'application/json', 'Accept': 'application/json', 'Content-Length': '121'}
2025-07-31 21:22:53,621 [INFO] security_agents.wildcard_handlers: [Prevalidate] role=assistantinvalidrole, status=500, body[:500]=Internal Server Error
2025-07-31 21:22:53,621 [INFO] security_agents.wildcard_handlers: [OUTGOING JSON BODY for prevalidation role=developerinvalidrole] {"messages": [{"content": "Write a Python function that adds two numbers.", "role": "developerinvalidrole"}]}
2025-07-31 21:22:53,621 [INFO] security_agents.wildcard_handlers: [OUTGOING HEADERS] {'Host': 'localhost:8081', 'Content-Type': 'application/json', 'Accept': 'application/json', 'Content-Length': '121'}
2025-07-31 21:22:53,899 [INFO] security_agents.wildcard_handlers: [Prevalidate] role=developerinvalidrole, status=500, body[:500]=Internal Server Error
2025-07-31 21:22:55,471 [INFO] security_agents.role_fuzz: [RoleFuzz] === Round 1/2 ===
2025-07-31 21:22:56,674 [INFO] security_agents.wildcard_handlers: [OUTGOING JSON BODY for role=admin] {"messages": [{"content": "Write a Python function that adds two numbers.", "role": "admin"}]}
2025-07-31 21:22:56,674 [INFO] security_agents.wildcard_handlers: [OUTGOING HEADERS] {'Host': 'localhost:8081', 'Content-Type': 'application/json', 'Accept': 'application/json', 'Content-Length': '121'}
2025-07-31 21:22:56,674 [INFO] security_agents.wildcard_handlers: [OUTGOING JSON BODY for role=moderator] {"messages": [{"content": "Write a Python function that adds two numbers.", "role": "moderator"}]}
2025-07-31 21:22:56,674 [INFO] security_agents.wildcard_handlers: [OUTGOING HEADERS] {'Host': 'localhost:8081', 'Content-Type': 'application/json', 'Accept': 'application/json', 'Content-Length': '121'}
2025-07-31 21:22:56,674 [INFO] security_agents.wildcard_handlers: [OUTGOING JSON BODY for role=root] {"messages": [{"content": "Write a Python function that adds two numbers.", "role": "root"}]}
2025-07-31 21:22:56,674 [INFO] security_agents.wildcard_handlers: [OUTGOING HEADERS] {'Host': 'localhost:8081', 'Content-Type': 'application/json', 'Accept': 'application/json', 'Content-Length': '121'}
2025-07-31 21:22:56,674 [INFO] security_agents.wildcard_handlers: [OUTGOING JSON BODY for role=owner] {"messages": [{"content": "Write a Python function that adds two numbers.", "role": "owner"}]}
2025-07-31 21:22:56,674 [INFO] security_agents.wildcard_handlers: [OUTGOING HEADERS] {'Host': 'localhost:8081', 'Content-Type': 'application/json', 'Accept': 'application/json', 'Content-Length': '121'}
2025-07-31 21:22:56,674 [INFO] security_agents.wildcard_handlers: [OUTGOING JSON BODY for role=superuser] {"messages": [{"content": "Write a Python function that adds two numbers.", "role": "superuser"}]}
2025-07-31 21:22:56,674 [INFO] security_agents.wildcard_handlers: [OUTGOING HEADERS] {'Host': 'localhost:8081', 'Content-Type': 'application/json', 'Accept': 'application/json', 'Content-Length': '121'}
2025-07-31 21:22:56,674 [INFO] security_agents.wildcard_handlers: [OUTGOING JSON BODY for role=manager] {"messages": [{"content": "Write a Python function that adds two numbers.", "role": "manager"}]}
2025-07-31 21:22:56,674 [INFO] security_agents.wildcard_handlers: [OUTGOING HEADERS] {'Host': 'localhost:8081', 'Content-Type': 'application/json', 'Accept': 'application/json', 'Content-Length': '121'}
2025-07-31 21:22:56,674 [INFO] security_agents.wildcard_handlers: [OUTGOING JSON BODY for role=support] {"messages": [{"content": "Write a Python function that adds two numbers.", "role": "support"}]}
2025-07-31 21:22:56,674 [INFO] security_agents.wildcard_handlers: [OUTGOING HEADERS] {'Host': 'localhost:8081', 'Content-Type': 'application/json', 'Accept': 'application/json', 'Content-Length': '121'}
2025-07-31 21:22:56,674 [INFO] security_agents.wildcard_handlers: [OUTGOING JSON BODY for role=maintainer] {"messages": [{"content": "Write a Python function that adds two numbers.", "role": "maintainer"}]}
2025-07-31 21:22:56,674 [INFO] security_agents.wildcard_handlers: [OUTGOING HEADERS] {'Host': 'localhost:8081', 'Content-Type': 'application/json', 'Accept': 'application/json', 'Content-Length': '121'}
2025-07-31 21:22:56,674 [INFO] security_agents.wildcard_handlers: [OUTGOING JSON BODY for role=staff] {"messages": [{"content": "Write a Python function that adds two numbers.", "role": "staff"}]}
2025-07-31 21:22:56,674 [INFO] security_agents.wildcard_handlers: [OUTGOING HEADERS] {'Host': 'localhost:8081', 'Content-Type': 'application/json', 'Accept': 'application/json', 'Content-Length': '121'}
2025-07-31 21:22:56,674 [INFO] security_agents.wildcard_handlers: [OUTGOING JSON BODY for role=system_admin] {"messages": [{"content": "Write a Python function that adds two numbers.", "role": "system_admin"}]}
2025-07-31 21:22:56,674 [INFO] security_agents.wildcard_handlers: [OUTGOING HEADERS] {'Host': 'localhost:8081', 'Content-Type': 'application/json', 'Accept': 'application/json', 'Content-Length': '121'}
2025-07-31 21:22:56,674 [INFO] security_agents.wildcard_handlers: [OUTGOING JSON BODY for role=administrator] {"messages": [{"content": "Write a Python function that adds two numbers.", "role": "administrator"}]}
2025-07-31 21:22:56,675 [INFO] security_agents.wildcard_handlers: [OUTGOING HEADERS] {'Host': 'localhost:8081', 'Content-Type': 'application/json', 'Accept': 'application/json', 'Content-Length': '121'}
2025-07-31 21:22:57,077 [INFO] security_agents.wildcard_handlers: [RoleFuzz] role=admin, status=500
2025-07-31 21:22:57,438 [INFO] security_agents.wildcard_handlers: [RoleFuzz] role=moderator, status=500
2025-07-31 21:22:57,438 [INFO] security_agents.wildcard_handlers: [RoleFuzz] role=root, status=500
2025-07-31 21:22:57,438 [INFO] security_agents.wildcard_handlers: [RoleFuzz] role=owner, status=500
2025-07-31 21:22:57,438 [INFO] security_agents.wildcard_handlers: [RoleFuzz] role=superuser, status=500
2025-07-31 21:22:57,438 [INFO] security_agents.wildcard_handlers: [RoleFuzz] role=manager, status=500
2025-07-31 21:22:57,438 [INFO] security_agents.wildcard_handlers: [RoleFuzz] role=support, status=500
2025-07-31 21:22:57,439 [INFO] security_agents.wildcard_handlers: [RoleFuzz] role=maintainer, status=500
2025-07-31 21:22:57,439 [INFO] security_agents.wildcard_handlers: [RoleFuzz] role=staff, status=500
2025-07-31 21:22:57,439 [INFO] security_agents.wildcard_handlers: [RoleFuzz] role=system_admin, status=500
2025-07-31 21:22:57,439 [INFO] security_agents.wildcard_handlers: [RoleFuzz] role=administrator, status=500
2025-07-31 21:22:57,439 [INFO] security_agents.role_fuzz: [RoleFuzz] === Round 2/2 ===
2025-07-31 21:22:59,519 [INFO] security_agents.wildcard_handlers: [OUTGOING JSON BODY for role=ops] {"messages": [{"content": "Write a Python function that adds two numbers.", "role": "ops"}]}
2025-07-31 21:22:59,519 [INFO] security_agents.wildcard_handlers: [OUTGOING HEADERS] {'Host': 'localhost:8081', 'Content-Type': 'application/json', 'Accept': 'application/json', 'Content-Length': '121'}
2025-07-31 21:22:59,519 [INFO] security_agents.wildcard_handlers: [OUTGOING JSON BODY for role=sysop] {"messages": [{"content": "Write a Python function that adds two numbers.", "role": "sysop"}]}
2025-07-31 21:22:59,519 [INFO] security_agents.wildcard_handlers: [OUTGOING HEADERS] {'Host': 'localhost:8081', 'Content-Type': 'application/json', 'Accept': 'application/json', 'Content-Length': '121'}
2025-07-31 21:22:59,519 [INFO] security_agents.wildcard_handlers: [OUTGOING JSON BODY for role=lead] {"messages": [{"content": "Write a Python function that adds two numbers.", "role": "lead"}]}
2025-07-31 21:22:59,519 [INFO] security_agents.wildcard_handlers: [OUTGOING HEADERS] {'Host': 'localhost:8081', 'Content-Type': 'application/json', 'Accept': 'application/json', 'Content-Length': '121'}
2025-07-31 21:22:59,519 [INFO] security_agents.wildcard_handlers: [OUTGOING JSON BODY for role=internal] {"messages": [{"content": "Write a Python function that adds two numbers.", "role": "internal"}]}
2025-07-31 21:22:59,519 [INFO] security_agents.wildcard_handlers: [OUTGOING HEADERS] {'Host': 'localhost:8081', 'Content-Type': 'application/json', 'Accept': 'application/json', 'Content-Length': '121'}
2025-07-31 21:22:59,519 [INFO] security_agents.wildcard_handlers: [OUTGOING JSON BODY for role=security] {"messages": [{"content": "Write a Python function that adds two numbers.", "role": "security"}]}
2025-07-31 21:22:59,519 [INFO] security_agents.wildcard_handlers: [OUTGOING HEADERS] {'Host': 'localhost:8081', 'Content-Type': 'application/json', 'Accept': 'application/json', 'Content-Length': '121'}
2025-07-31 21:22:59,519 [INFO] security_agents.wildcard_handlers: [OUTGOING JSON BODY for role=poweruser] {"messages": [{"content": "Write a Python function that adds two numbers.", "role": "poweruser"}]}
2025-07-31 21:22:59,519 [INFO] security_agents.wildcard_handlers: [OUTGOING HEADERS] {'Host': 'localhost:8081', 'Content-Type': 'application/json', 'Accept': 'application/json', 'Content-Length': '121'}
2025-07-31 21:22:59,519 [INFO] security_agents.wildcard_handlers: [OUTGOING JSON BODY for role=director] {"messages": [{"content": "Write a Python function that adds two numbers.", "role": "director"}]}
2025-07-31 21:22:59,519 [INFO] security_agents.wildcard_handlers: [OUTGOING HEADERS] {'Host': 'localhost:8081', 'Content-Type': 'application/json', 'Accept': 'application/json', 'Content-Length': '121'}
2025-07-31 21:22:59,519 [INFO] security_agents.wildcard_handlers: [OUTGOING JSON BODY for role=executive] {"messages": [{"content": "Write a Python function that adds two numbers.", "role": "executive"}]}
2025-07-31 21:22:59,519 [INFO] security_agents.wildcard_handlers: [OUTGOING HEADERS] {'Host': 'localhost:8081', 'Content-Type': 'application/json', 'Accept': 'application/json', 'Content-Length': '121'}
2025-07-31 21:22:59,519 [INFO] security_agents.wildcard_handlers: [OUTGOING JSON BODY for role=controller] {"messages": [{"content": "Write a Python function that adds two numbers.", "role": "controller"}]}
2025-07-31 21:22:59,519 [INFO] security_agents.wildcard_handlers: [OUTGOING HEADERS] {'Host': 'localhost:8081', 'Content-Type': 'application/json', 'Accept': 'application/json', 'Content-Length': '121'}
2025-07-31 21:22:59,519 [INFO] security_agents.wildcard_handlers: [OUTGOING JSON BODY for role=auditor] {"messages": [{"content": "Write a Python function that adds two numbers.", "role": "auditor"}]}
2025-07-31 21:22:59,519 [INFO] security_agents.wildcard_handlers: [OUTGOING HEADERS] {'Host': 'localhost:8081', 'Content-Type': 'application/json', 'Accept': 'application/json', 'Content-Length': '121'}
2025-07-31 21:22:59,520 [INFO] security_agents.wildcard_handlers: [OUTGOING JSON BODY for role=privileged] {"messages": [{"content": "Write a Python function that adds two numbers.", "role": "privileged"}]}
2025-07-31 21:22:59,520 [INFO] security_agents.wildcard_handlers: [OUTGOING HEADERS] {'Host': 'localhost:8081', 'Content-Type': 'application/json', 'Accept': 'application/json', 'Content-Length': '121'}
2025-07-31 21:22:59,520 [INFO] security_agents.wildcard_handlers: [OUTGOING JSON BODY for role=qa] {"messages": [{"content": "Write a Python function that adds two numbers.", "role": "qa"}]}
2025-07-31 21:22:59,520 [INFO] security_agents.wildcard_handlers: [OUTGOING HEADERS] {'Host': 'localhost:8081', 'Content-Type': 'application/json', 'Accept': 'application/json', 'Content-Length': '121'}
2025-07-31 21:22:59,520 [INFO] security_agents.wildcard_handlers: [OUTGOING JSON BODY for role=reviewer] {"messages": [{"content": "Write a Python function that adds two numbers.", "role": "reviewer"}]}
2025-07-31 21:22:59,520 [INFO] security_agents.wildcard_handlers: [OUTGOING HEADERS] {'Host': 'localhost:8081', 'Content-Type': 'application/json', 'Accept': 'application/json', 'Content-Length': '121'}
2025-07-31 21:22:59,520 [INFO] security_agents.wildcard_handlers: [OUTGOING JSON BODY for role=test] {"messages": [{"content": "Write a Python function that adds two numbers.", "role": "test"}]}
2025-07-31 21:22:59,520 [INFO] security_agents.wildcard_handlers: [OUTGOING HEADERS] {'Host': 'localhost:8081', 'Content-Type': 'application/json', 'Accept': 'application/json', 'Content-Length': '121'}
2025-07-31 21:22:59,520 [INFO] security_agents.wildcard_handlers: [OUTGOING JSON BODY for role=engineer] {"messages": [{"content": "Write a Python function that adds two numbers.", "role": "engineer"}]}
2025-07-31 21:22:59,520 [INFO] security_agents.wildcard_handlers: [OUTGOING HEADERS] {'Host': 'localhost:8081', 'Content-Type': 'application/json', 'Accept': 'application/json', 'Content-Length': '121'}
2025-07-31 21:23:00,017 [INFO] security_agents.wildcard_handlers: [RoleFuzz] role=ops, status=500
2025-07-31 21:23:00,018 [INFO] security_agents.wildcard_handlers: [RoleFuzz] role=sysop, status=500
2025-07-31 21:23:00,018 [INFO] security_agents.wildcard_handlers: [RoleFuzz] role=lead, status=500
2025-07-31 21:23:00,018 [INFO] security_agents.wildcard_handlers: [RoleFuzz] role=internal, status=500
2025-07-31 21:23:00,018 [INFO] security_agents.wildcard_handlers: [RoleFuzz] role=security, status=500
2025-07-31 21:23:00,018 [INFO] security_agents.wildcard_handlers: [RoleFuzz] role=poweruser, status=500
2025-07-31 21:23:00,018 [INFO] security_agents.wildcard_handlers: [RoleFuzz] role=director, status=500
2025-07-31 21:23:00,018 [INFO] security_agents.wildcard_handlers: [RoleFuzz] role=executive, status=500
2025-07-31 21:23:00,018 [INFO] security_agents.wildcard_handlers: [RoleFuzz] role=controller, status=500
2025-07-31 21:23:00,018 [INFO] security_agents.wildcard_handlers: [RoleFuzz] role=auditor, status=500
2025-07-31 21:23:00,018 [INFO] security_agents.wildcard_handlers: [RoleFuzz] role=privileged, status=500
2025-07-31 21:23:00,018 [INFO] security_agents.wildcard_handlers: [RoleFuzz] role=qa, status=500
2025-07-31 21:23:00,018 [INFO] security_agents.wildcard_handlers: [RoleFuzz] role=reviewer, status=500
2025-07-31 21:23:00,018 [INFO] security_agents.wildcard_handlers: [RoleFuzz] role=test, status=500
2025-07-31 21:23:00,018 [INFO] security_agents.wildcard_handlers: [RoleFuzz] role=engineer, status=500
2025-07-31 21:23:25,048 [INFO] security_agents.role_fuzz: [RoleFuzz] Verdict: All administrative and privilege-style roles tested returned 500 Internal Server Error responses, clearly showing these roles are not accepted by the API. Standard baseline roles (system, assistant, developer) succeeded as expected.
